<?xml version="1.0" encoding="UTF-8"?>
<!-- Generated by org.testng.reporters.JUnitReportReporter -->
<testsuite skipped="0" hostname="Nancys-Air.localdomain" name="com.hubspot.tests.LoginTest" tests="1" failures="0" timestamp="02 Dec 2019 16:31:56 GMT" time="7.420" errors="0">
  <testcase name="loginTest1" time="7.420" classname="com.hubspot.tests.LoginTest"/>
</testsuite> <!-- com.hubspot.tests.LoginTest -->
