<?xml version="1.0" encoding="UTF-8"?>
<!-- Generated by org.testng.reporters.JUnitReportReporter -->
<testsuite skipped="0" hostname="Nancys-Air.localdomain" name="com.hubspot.tests.LoginPFTest" tests="1" failures="0" timestamp="02 Dec 2019 18:23:50 GMT" time="7.737" errors="0">
  <testcase name="LoginTest" time="7.737" classname="com.hubspot.tests.LoginPFTest"/>
</testsuite> <!-- com.hubspot.tests.LoginPFTest -->
