<?xml version="1.0" encoding="UTF-8"?>
<!-- Generated by org.testng.reporters.JUnitReportReporter -->
<testsuite skipped="0" hostname="Nancys-Air.localdomain" name="com.hubspot.tests.ContactsPageTest" tests="2" failures="0" timestamp="02 Dec 2019 18:09:12 GMT" time="32.095" errors="0">
  <testcase name="verifyContactsPageTitle" time="8.841" classname="com.hubspot.tests.ContactsPageTest"/>
  <testcase name="createNewContactTest" time="23.254" classname="com.hubspot.tests.ContactsPageTest"/>
</testsuite> <!-- com.hubspot.tests.ContactsPageTest -->
