<?xml version="1.0" encoding="UTF-8"?>
<!-- Generated by org.testng.reporters.JUnitReportReporter -->
<testsuite skipped="0" hostname="Nancys-Air.localdomain" name="com.hubspot.tests.LoginPageTest" tests="1" failures="0" timestamp="29 Nov 2019 23:28:02 GMT" time="10.203" errors="0">
  <testcase name="loginTest" time="10.203" classname="com.hubspot.tests.LoginPageTest"/>
</testsuite> <!-- com.hubspot.tests.LoginPageTest -->
